<?xml version="1.0" encoding="UTF-8"?>
<!-- Generated by org.testng.reporters.JUnitReportReporter -->
<testsuite skipped="0" hostname="DESKTOP-FGS4TB6" name="com.cast.ContactTest.ContactTest" tests="3" failures="0" timestamp="21 Sep 2021 11:25:54 GMT" time="0.050" errors="0">
  <testcase name="createContactTest" time="0.034" classname="com.cast.ContactTest.ContactTest"/>
  <testcase name="createContactWithOrgTest" time="0.000" classname="com.cast.ContactTest.ContactTest"/>
  <testcase name="deleteContactTest" time="0.016" classname="com.cast.ContactTest.ContactTest"/>
</testsuite> <!-- com.cast.ContactTest.ContactTest -->
